[www.tarjetas.cool/modelos/cumple/encanto/index.html]
[cdn.jsdelivr.net/npm/bootstrap@5.1.3/dist/css/bootstrap.min.css]
[backblue.gif]
[fade.gif]
[index.html]
[cdn.jsdelivr.net/npm/bootstrap-icons@1.9.1/font/bootstrap-icons.css]
[www.tarjetas.cool/modelos/cumple/encanto/css/stylesfb74.css]
[www.tarjetas.cool/favicon-32x32.png]
[www.tarjetas.cool/favicon-16x16.png]
[www.tarjetas.cool/modelos/cumple/encanto/img/logo_animado.gif]
[www.tarjetas.cool/modelos/cumple/encanto/img/1.png]
[www.tarjetas.cool/modelos/cumple/encanto/img/foto1.jpg]
[www.tarjetas.cool/modelos/cumple/encanto/sounds/audio.mp3]
[www.tarjetas.cool/modelos/cumple/encanto/img/cinta.png]
[cdn.jsdelivr.net/npm/bootstrap@5.1.3/dist/js/bootstrap.bundle.min.js]
[www.tarjetas.cool/modelos/cumple/encanto/js/cardfb74.js]
[www.tarjetas.cool/modelos/cumple/encanto/index.html]
[cdn.jsdelivr.net/npm/bootstrap@5.1.3/dist/css/bootstrap.min.css]
[cdn.jsdelivr.net/npm/bootstrap-icons@1.9.1/font/fonts/bootstrap-iconsd862.woff2]
[cdn.jsdelivr.net/npm/bootstrap-icons@1.9.1/font/fonts/bootstrap-iconsd862.woff]
[cdn.jsdelivr.net/npm/bootstrap-icons@1.9.1/font/bootstrap-icons.css]
[www.tarjetas.cool/modelos/cumple/encanto/fonts/Madrigal.ttf]
[www.tarjetas.cool/modelos/cumple/encanto/img/fondoppl9527.png]
[www.tarjetas.cool/modelos/cumple/encanto/img/fondo_tarjeta3860.jpg]
[www.tarjetas.cool/modelos/cumple/encanto/img/fondo.jpg]
[www.tarjetas.cool/modelos/cumple/encanto/css/stylesfb74.css]
[www.tarjetas.cool/modelos/cumple/encanto/js/cardfb74.js]
